[01:04:12] [main/INFO] (FabricLoader/GameProvider) Loading Minecraft 1.19 with Fabric Loader 0.14.6
[01:04:12] [main/INFO] (FabricLoader) Loading 43 mods:
	- fabric 0.55.1+1.19
	- fabric-api-base 0.4.8+e62f51a357
	- fabric-api-lookup-api-v1 1.6.5+9ff28f4057
	- fabric-biome-api-v1 9.0.11+e62f51a357
	- fabric-blockrenderlayer-v1 1.1.17+9ff28f4057
	- fabric-command-api-v2 2.0.1+e62f51a357
	- fabric-content-registries-v0 3.0.15+9ff28f4057
	- fabric-convention-tags-v1 1.0.7+37622d2457
	- fabric-crash-report-info-v1 0.2.2+bd0a0d4a57
	- fabric-data-generation-api-v1 5.0.0+2a5b921057
	- fabric-dimensions-v1 2.1.26+72da3b3d57
	- fabric-entity-events-v1 1.4.15+9ff28f4057
	- fabric-events-interaction-v0 0.4.25+9ff28f4057
	- fabric-game-rule-api-v1 1.0.18+1899036157
	- fabric-gametest-api-v1 1.0.29+e62f51a357
	- fabric-item-api-v1 1.5.3+767db26e57
	- fabric-item-groups-v0 0.3.22+9ff28f4057
	- fabric-key-binding-api-v1 1.0.17+9ff28f4057
	- fabric-lifecycle-events-v1 2.0.8+21a5acaa57
	- fabric-loot-api-v2 1.0.0+9e7660c657
	- fabric-message-api-v1 1.0.0+513f4a5957
	- fabric-mining-level-api-v1 2.1.6+9ff28f4057
	- fabric-models-v0 0.3.14+9ff28f4057
	- fabric-networking-api-v1 1.0.26+7fe9740957
	- fabric-object-builder-api-v1 4.0.4+9ff28f4057
	- fabric-particles-v1 1.0.7+9ff28f4057
	- fabric-registry-sync-v0 0.9.15+92cf9a3e57
	- fabric-renderer-api-v1 1.0.7+9ff28f4057
	- fabric-renderer-indigo 0.6.5+9ff28f4057
	- fabric-rendering-data-attachment-v1 0.3.11+9ff28f4057
	- fabric-rendering-fluids-v1 3.0.4+9ff28f4057
	- fabric-rendering-v1 1.10.13+9ff28f4057
	- fabric-resource-conditions-api-v1 2.0.8+e62f51a357
	- fabric-resource-loader-v0 0.5.2+9e7660c657
	- fabric-screen-api-v1 1.0.22+9ff28f4057
	- fabric-screen-handler-api-v1 1.2.5+9ff28f4057
	- fabric-textures-v0 1.0.17+9ff28f4057
	- fabric-transfer-api-v1 2.0.7+e62f51a357
	- fabric-transitive-access-wideners-v1 1.1.0+9e7660c657
	- fabricloader 0.14.6
	- java 17
	- minecraft 1.19
	- musicdiscmod 1.0.0
[01:04:12] [main/INFO] (FabricLoader/Mixin) SpongePowered MIXIN Subsystem Version=0.8.5 Source=file:/C:/Users/Swift/.gradle/caches/modules-2/files-2.1/net.fabricmc/sponge-mixin/0.11.4+mixin.0.8.5/c1dc27696aa4006e492c2485c9ccbcb26045a971/sponge-mixin-0.11.4+mixin.0.8.5.jar Service=Knot/Fabric Env=CLIENT
[01:04:13] [main/INFO] (FabricLoader/Mixin) Loaded Fabric development mappings for mixin remapper!
[01:04:13] [main/INFO] (FabricLoader/Mixin) Compatibility level set to JAVA_16
[01:04:13] [main/INFO] (FabricLoader/Mixin) Compatibility level set to JAVA_17
[01:04:14] [main/WARN] (FileUtil) Configuration conflict: there is more than one oshi.properties file on the classpath
[01:04:15] [main/WARN] (FileUtil) Configuration conflict: there is more than one oshi.architecture.properties file on the classpath
[01:04:15] [main/WARN] (PerfDataUtil) Failed to add PDH Counter: \Paging File(_Total)\% Usage, Error code: 0xC0000BB8
[01:04:15] [main/WARN] (PerfCounterQueryHandler) Failed to add counter for PDH counter: \Paging File(_Total)\% Usage
[01:04:15] [main/WARN] (PerfCounterQuery) Disabling further attempts to query Paging File.
[01:04:17] [main/WARN] (WmiQueryHandler) COM exception: Invalid Query: SELECT PERCENTUSAGE FROM Win32_PerfRawData_PerfOS_PagingFile
[01:04:21] [main/INFO] (Minecraft) Building optimized datafixer
[01:04:28] [Render thread/INFO] (Minecraft) Environment: authHost='https://authserver.mojang.com', accountsHost='https://api.mojang.com', sessionHost='https://sessionserver.mojang.com', servicesHost='https://api.minecraftservices.com', name='PROD'
[01:04:29] [Render thread/ERROR] (Minecraft) Failed to verify authentication
com.mojang.authlib.exceptions.InvalidCredentialsException: Status: 401
	at com.mojang.authlib.exceptions.MinecraftClientHttpException.toAuthenticationException(MinecraftClientHttpException.java:56) ~[authlib-3.5.41.jar:?]
	at com.mojang.authlib.yggdrasil.YggdrasilUserApiService.fetchProperties(YggdrasilUserApiService.java:140) ~[authlib-3.5.41.jar:?]
	at com.mojang.authlib.yggdrasil.YggdrasilUserApiService.<init>(YggdrasilUserApiService.java:47) ~[authlib-3.5.41.jar:?]
	at com.mojang.authlib.yggdrasil.YggdrasilAuthenticationService.createUserApiService(YggdrasilAuthenticationService.java:158) ~[authlib-3.5.41.jar:?]
	at net.minecraft.client.MinecraftClient.createUserApiService(MinecraftClient.java:677) [minecraft-project-@-merged-named.jar:?]
	at net.minecraft.client.MinecraftClient.<init>(MinecraftClient.java:415) [minecraft-project-@-merged-named.jar:?]
	at net.minecraft.client.main.Main.main(Main.java:198) [minecraft-project-@-merged-named.jar:?]
	at net.fabricmc.loader.impl.game.minecraft.MinecraftGameProvider.launch(MinecraftGameProvider.java:460) [fabric-loader-0.14.6.jar:?]
	at net.fabricmc.loader.impl.launch.knot.Knot.launch(Knot.java:74) [fabric-loader-0.14.6.jar:?]
	at net.fabricmc.loader.impl.launch.knot.KnotClient.main(KnotClient.java:23) [fabric-loader-0.14.6.jar:?]
	at net.fabricmc.devlaunchinjector.Main.main(Main.java:86) [dev-launch-injector-0.2.1+build.8.jar:?]
Caused by: com.mojang.authlib.exceptions.MinecraftClientHttpException: Status: 401
	at com.mojang.authlib.minecraft.client.MinecraftClient.readInputStream(MinecraftClient.java:85) ~[authlib-3.5.41.jar:?]
	at com.mojang.authlib.minecraft.client.MinecraftClient.get(MinecraftClient.java:48) ~[authlib-3.5.41.jar:?]
	at com.mojang.authlib.yggdrasil.YggdrasilUserApiService.fetchProperties(YggdrasilUserApiService.java:121) ~[authlib-3.5.41.jar:?]
	... 9 more
[01:04:29] [Render thread/INFO] (Minecraft) Setting user: Player262
[01:04:29] [Render thread/INFO] (Minecraft) [STDOUT]: Registering Mod Items for musicdiscmod
[01:04:29] [Render thread/INFO] (musicdiscmod) Good evening my brothers and sisters. Welcome to my modification.
[01:04:29] [Render thread/INFO] (Indigo) [Indigo] Registering Indigo renderer!
[01:04:30] [Render thread/INFO] (Minecraft) Backend library: LWJGL version 3.3.1 SNAPSHOT
[01:04:36] [Render thread/INFO] (Minecraft) Narrator library for x64 successfully loaded
[01:04:36] [Worker-Main-16/ERROR] (Minecraft) Failed to retrieve profile key pair
java.io.IOException: Could not retrieve profile key pair
	at net.minecraft.client.util.ProfileKeys.fetchKeyPair(ProfileKeys.java:112) ~[minecraft-project-@-merged-named.jar:?]
	at net.minecraft.client.util.ProfileKeys.method_44291(ProfileKeys.java:56) ~[minecraft-project-@-merged-named.jar:?]
	at java.util.concurrent.CompletableFuture$AsyncSupply.run(CompletableFuture.java:1768) [?:?]
	at java.util.concurrent.CompletableFuture$AsyncSupply.exec(CompletableFuture.java:1760) [?:?]
	at java.util.concurrent.ForkJoinTask.doExec(ForkJoinTask.java:373) [?:?]
	at java.util.concurrent.ForkJoinPool$WorkQueue.topLevelExec(ForkJoinPool.java:1182) [?:?]
	at java.util.concurrent.ForkJoinPool.scan(ForkJoinPool.java:1655) [?:?]
	at java.util.concurrent.ForkJoinPool.runWorker(ForkJoinPool.java:1622) [?:?]
	at java.util.concurrent.ForkJoinWorkerThread.run(ForkJoinWorkerThread.java:165) [?:?]
[01:04:36] [Render thread/INFO] (Minecraft) Reloading ResourceManager: Default, Fabric Mods (Fabric Object Builder API (v1), Fabric Models (v0), Fabric Events Interaction (v0), Fabric Item Groups (v0), Fabric Screen API (v1), Fabric API, Fabric API Lookup API (v1), Fabric Rendering (v1), Fabric Message API (v1), Fabric Resource Conditions API (v1), Fabric Loader, Fabric BlockRenderLayer Registration (v1), Fabric Registry Sync (v0), Fabric Dimensions API (v1), Fabric Rendering Data Attachment (v1), Fabric Lifecycle Events (v1), Fabric Renderer - Indigo, Fabric Item API (v1), Fabric Loot API (v2), Fabric Rendering Fluids (v1), Fabric Resource Loader (v0), Fabric Content Registries (v0), Fabric Particles (v1), Fabric Game Rule API (v1), Swift984's Music Disc Mod, Fabric Textures (v0), Fabric Data Generation API (v1), Fabric Screen Handler API (v1), Fabric Mining Level API (v1), Fabric API Base, Fabric Transitive Access Wideners (v1), Fabric Game Test API (v1), Fabric Command API (v2), Fabric Renderer API (v1), Fabric Convention Tags, Fabric Entity Events (v1), Fabric Biome API (v1), Fabric Crash Report Info (v1), Fabric Networking API (v1), Fabric Transfer API (v1), Fabric Key Binding API (v1))
[01:04:37] [Render thread/INFO] (musicdiscmod) This line is printed by an example mod mixin! ZAMN!
[01:04:37] [Render thread/INFO] (musicdiscmod) This line is printed by an example mod mixin! ZAMN!
[01:04:37] [Render thread/INFO] (musicdiscmod) This line is printed by an example mod mixin! ZAMN!
[01:04:37] [Realms Notification Availability checker #1/INFO] (Minecraft) Could not authorize you against Realms server: Invalid session id
[01:04:38] [Worker-Main-17/WARN] (Minecraft) File musicdiscmod:sounds/watersong.ogg does not exist, cannot add it to event musicdiscmod:watersong
[01:04:41] [Render thread/WARN] (Minecraft) Missing sound for event: minecraft:item.goat_horn.play
[01:04:41] [Render thread/WARN] (Minecraft) Missing sound for event: minecraft:entity.goat.screaming.horn_break
[01:04:41] [Render thread/INFO] (Minecraft) OpenAL initialized on device OpenAL Soft on 5 - Acer XFA240 (AMD High Definition Audio Device)
[01:04:41] [Render thread/INFO] (Minecraft) Sound engine started
[01:04:42] [Render thread/INFO] (Minecraft) Created: 1024x1024x4 minecraft:textures/atlas/blocks.png-atlas
[01:04:42] [Render thread/INFO] (Minecraft) Created: 256x128x4 minecraft:textures/atlas/signs.png-atlas
[01:04:42] [Render thread/INFO] (Minecraft) Created: 1024x512x4 minecraft:textures/atlas/banner_patterns.png-atlas
[01:04:42] [Render thread/INFO] (Minecraft) Created: 1024x512x4 minecraft:textures/atlas/shield_patterns.png-atlas
[01:04:42] [Render thread/INFO] (Minecraft) Created: 256x256x4 minecraft:textures/atlas/chest.png-atlas
[01:04:42] [Render thread/INFO] (Minecraft) Created: 512x256x4 minecraft:textures/atlas/beds.png-atlas
[01:04:42] [Render thread/INFO] (Minecraft) Created: 512x256x4 minecraft:textures/atlas/shulker_boxes.png-atlas
[01:04:43] [Render thread/WARN] (Minecraft) Shader rendertype_entity_translucent_emissive could not find sampler named Sampler2 in the specified shader program.
[01:04:44] [Render thread/INFO] (Minecraft) Created: 512x256x0 minecraft:textures/atlas/particles.png-atlas
[01:04:44] [Render thread/INFO] (Minecraft) Created: 256x256x0 minecraft:textures/atlas/paintings.png-atlas
[01:04:44] [Render thread/INFO] (Minecraft) Created: 256x128x0 minecraft:textures/atlas/mob_effects.png-atlas
[01:04:44] [Render thread/INFO] (musicdiscmod) This line is printed by an example mod mixin! ZAMN!
[01:04:47] [Render thread/INFO] (musicdiscmod) This line is printed by an example mod mixin! ZAMN!
[01:04:47] [Render thread/INFO] (musicdiscmod) This line is printed by an example mod mixin! ZAMN!
[01:04:48] [Worker-Bootstrap-6/INFO] (Minecraft) 4256 Datafixer optimizations took 26692 milliseconds
[01:05:00] [Render thread/INFO] (musicdiscmod) This line is printed by an example mod mixin! ZAMN!
[01:05:04] [Render thread/INFO] (Minecraft) Loaded 7 recipes
[01:05:04] [Render thread/INFO] (Minecraft) Loaded 1179 advancements
[01:05:05] [Render thread/INFO] (BiomeModificationImpl) Applied 0 biome modifications to 0 of 63 new biomes in 4.417 ms
[01:05:05] [Server thread/INFO] (Minecraft) Starting integrated minecraft server version 1.19
[01:05:05] [Server thread/INFO] (Minecraft) Generating keypair
[01:05:05] [Server thread/INFO] (Minecraft) Preparing start region for dimension minecraft:overworld
[01:05:07] [Render thread/INFO] (Minecraft) Preparing spawn area: 0%
[01:05:07] [Render thread/INFO] (Minecraft) Preparing spawn area: 0%
[01:05:07] [Render thread/INFO] (Minecraft) Preparing spawn area: 0%
[01:05:07] [Render thread/INFO] (Minecraft) Preparing spawn area: 0%
[01:05:08] [Render thread/INFO] (Minecraft) Preparing spawn area: 0%
[01:05:08] [Render thread/INFO] (Minecraft) Preparing spawn area: 31%
[01:05:08] [Render thread/INFO] (Minecraft) Time elapsed: 2894 ms
[01:05:09] [Server thread/INFO] (Minecraft) Changing view distance to 12, from 10
[01:05:09] [Server thread/INFO] (Minecraft) Changing simulation distance to 12, from 0
[01:05:10] [Server thread/INFO] (Minecraft) Player262[local:E:d084d584] logged in with entity id 13 at (-21.560786161535248, -60.0, 13.274626692621304)
[01:05:10] [Server thread/INFO] (Minecraft) Player262 joined the game
[01:05:11] [Render thread/INFO] (Minecraft) Loaded 0 advancements
[01:05:15] [Render thread/WARN] (Minecraft) Unable to play empty soundEvent: musicdiscmod:watersong
[01:06:16] [Server thread/INFO] (Minecraft) Saving and pausing game...
[01:06:16] [Server thread/INFO] (Minecraft) Saving chunks for level 'ServerLevel[Disc Tester]'/minecraft:overworld
[01:06:16] [Server thread/INFO] (Minecraft) Saving chunks for level 'ServerLevel[Disc Tester]'/minecraft:the_end
[01:06:16] [Server thread/INFO] (Minecraft) Saving chunks for level 'ServerLevel[Disc Tester]'/minecraft:the_nether
[01:07:19] [Render thread/INFO] (Minecraft) Loaded 2 advancements
[01:07:24] [Render thread/INFO] (Minecraft) Loaded 20 advancements
[01:07:49] [Server thread/INFO] (Minecraft) Player262 has made the advancement [Hot Stuff]
[01:07:49] [Render thread/INFO] (Minecraft) [CHAT] Player262 has made the advancement [Hot Stuff]
[01:07:49] [Render thread/INFO] (Minecraft) Loaded 27 advancements
[01:08:14] [Server thread/INFO] (Minecraft) Saving and pausing game...
[01:08:14] [Server thread/INFO] (Minecraft) Saving chunks for level 'ServerLevel[Disc Tester]'/minecraft:overworld
[01:08:14] [Server thread/INFO] (Minecraft) Saving chunks for level 'ServerLevel[Disc Tester]'/minecraft:the_end
[01:08:14] [Server thread/INFO] (Minecraft) Saving chunks for level 'ServerLevel[Disc Tester]'/minecraft:the_nether
[01:09:02] [Server thread/INFO] (Minecraft) Saving and pausing game...
[01:09:02] [Server thread/INFO] (Minecraft) Saving chunks for level 'ServerLevel[Disc Tester]'/minecraft:overworld
[01:09:02] [Server thread/INFO] (Minecraft) Saving chunks for level 'ServerLevel[Disc Tester]'/minecraft:the_end
[01:09:02] [Server thread/INFO] (Minecraft) Saving chunks for level 'ServerLevel[Disc Tester]'/minecraft:the_nether
[01:09:03] [Server thread/INFO] (Minecraft) Player262 lost connection: Disconnected
[01:09:03] [Server thread/INFO] (Minecraft) Player262 left the game
[01:09:03] [Server thread/INFO] (Minecraft) Stopping singleplayer server as player logged out
[01:09:03] [Server thread/INFO] (Minecraft) Stopping server
[01:09:03] [Server thread/INFO] (Minecraft) Saving players
[01:09:03] [Server thread/INFO] (Minecraft) Saving worlds
[01:09:03] [Server thread/INFO] (Minecraft) Saving chunks for level 'ServerLevel[Disc Tester]'/minecraft:overworld
[01:09:03] [Server thread/INFO] (Minecraft) Saving chunks for level 'ServerLevel[Disc Tester]'/minecraft:the_end
[01:09:03] [Server thread/INFO] (Minecraft) Saving chunks for level 'ServerLevel[Disc Tester]'/minecraft:the_nether
[01:09:04] [Server thread/INFO] (Minecraft) ThreadedAnvilChunkStorage (Disc Tester): All chunks are saved
[01:09:04] [Server thread/INFO] (Minecraft) ThreadedAnvilChunkStorage (DIM1): All chunks are saved
[01:09:04] [Server thread/INFO] (Minecraft) ThreadedAnvilChunkStorage (DIM-1): All chunks are saved
[01:09:04] [Server thread/INFO] (Minecraft) ThreadedAnvilChunkStorage: All dimensions are saved
[01:09:04] [Render thread/INFO] (musicdiscmod) This line is printed by an example mod mixin! ZAMN!
[01:09:05] [Render thread/INFO] (Minecraft) Stopping!
